Build output check failed:
    Regex: 'command[- ]line option .* is valid for .* but not for C'
    Output line: 'cc1: warning: command-line option ‘-Wnon-virtual-dtor’ is valid for C++/ObjC++ but not for C'
Compilation failed:
    source file: '/home/roffio/Downloads/MTS_TrueTechChamp/task1/deps/opencv_tmp/src/opencv_project-build/CMakeFiles/CMakeTmp/src.c'
    check option: ' -fsigned-char -W -Wall -Wreturn-type  -Wnon-virtual-dtor'
===== BUILD LOG =====
Change Dir: '/home/roffio/Downloads/MTS_TrueTechChamp/task1/deps/opencv_tmp/src/opencv_project-build/CMakeFiles/CMakeTmp'

Run Build Command(s): /usr/bin/cmake -E env VERBOSE=1 /usr/bin/make -f Makefile cmTC_32f5a/fast
make[3]: Entering directory '/home/roffio/Downloads/MTS_TrueTechChamp/task1/deps/opencv_tmp/src/opencv_project-build/CMakeFiles/CMakeTmp'
/usr/bin/make  -f CMakeFiles/cmTC_32f5a.dir/build.make CMakeFiles/cmTC_32f5a.dir/build
make[4]: Entering directory '/home/roffio/Downloads/MTS_TrueTechChamp/task1/deps/opencv_tmp/src/opencv_project-build/CMakeFiles/CMakeTmp'
Building C object CMakeFiles/cmTC_32f5a.dir/src.c.o
/usr/bin/cc   -O3 -DNDEBUG -fPIE    -fsigned-char -W -Wall -Wreturn-type  -Wnon-virtual-dtor -o CMakeFiles/cmTC_32f5a.dir/src.c.o -c /home/roffio/Downloads/MTS_TrueTechChamp/task1/deps/opencv_tmp/src/opencv_project-build/CMakeFiles/CMakeTmp/src.c
cc1: warning: command-line option ‘-Wnon-virtual-dtor’ is valid for C++/ObjC++ but not for C
/home/roffio/Downloads/MTS_TrueTechChamp/task1/deps/opencv_tmp/src/opencv_project-build/CMakeFiles/CMakeTmp/src.c:1: warning: ignoring ‘#pragma  ’ [-Wunknown-pragmas]
    1 | #pragma
Linking C executable cmTC_32f5a
/usr/bin/cmake -E cmake_link_script CMakeFiles/cmTC_32f5a.dir/link.txt --verbose=1
/usr/bin/cc -O3 -DNDEBUG CMakeFiles/cmTC_32f5a.dir/src.c.o -o cmTC_32f5a
make[4]: Leaving directory '/home/roffio/Downloads/MTS_TrueTechChamp/task1/deps/opencv_tmp/src/opencv_project-build/CMakeFiles/CMakeTmp'
make[3]: Leaving directory '/home/roffio/Downloads/MTS_TrueTechChamp/task1/deps/opencv_tmp/src/opencv_project-build/CMakeFiles/CMakeTmp'


===== END =====

Build output check failed:
    Regex: 'command[- ]line option .* is valid for .* but not for C\+\+'
    Output line: 'cc1plus: warning: command-line option ‘-Wmissing-prototypes’ is valid for C/ObjC but not for C++'
Compilation failed:
    source file: '/home/roffio/Downloads/MTS_TrueTechChamp/task1/deps/opencv_tmp/src/opencv_project-build/CMakeFiles/CMakeTmp/src.cxx'
    check option: ' -fsigned-char -W -Wall -Wreturn-type -Wnon-virtual-dtor -Waddress -Wsequence-point -Wformat -Wformat-security -Wmissing-declarations  -Wmissing-prototypes'
===== BUILD LOG =====
Change Dir: '/home/roffio/Downloads/MTS_TrueTechChamp/task1/deps/opencv_tmp/src/opencv_project-build/CMakeFiles/CMakeTmp'

Run Build Command(s): /usr/bin/cmake -E env VERBOSE=1 /usr/bin/make -f Makefile cmTC_601f8/fast
make[3]: Entering directory '/home/roffio/Downloads/MTS_TrueTechChamp/task1/deps/opencv_tmp/src/opencv_project-build/CMakeFiles/CMakeTmp'
/usr/bin/make  -f CMakeFiles/cmTC_601f8.dir/build.make CMakeFiles/cmTC_601f8.dir/build
make[4]: Entering directory '/home/roffio/Downloads/MTS_TrueTechChamp/task1/deps/opencv_tmp/src/opencv_project-build/CMakeFiles/CMakeTmp'
Building CXX object CMakeFiles/cmTC_601f8.dir/src.cxx.o
/usr/bin/c++   -O3 -DNDEBUG -std=c++11 -fPIE    -fsigned-char -W -Wall -Wreturn-type -Wnon-virtual-dtor -Waddress -Wsequence-point -Wformat -Wformat-security -Wmissing-declarations  -Wmissing-prototypes -o CMakeFiles/cmTC_601f8.dir/src.cxx.o -c /home/roffio/Downloads/MTS_TrueTechChamp/task1/deps/opencv_tmp/src/opencv_project-build/CMakeFiles/CMakeTmp/src.cxx
cc1plus: warning: command-line option ‘-Wmissing-prototypes’ is valid for C/ObjC but not for C++
/home/roffio/Downloads/MTS_TrueTechChamp/task1/deps/opencv_tmp/src/opencv_project-build/CMakeFiles/CMakeTmp/src.cxx:1: warning: ignoring ‘#pragma  ’ [-Wunknown-pragmas]
    1 | #pragma
Linking CXX executable cmTC_601f8
/usr/bin/cmake -E cmake_link_script CMakeFiles/cmTC_601f8.dir/link.txt --verbose=1
/usr/bin/c++ -O3 -DNDEBUG CMakeFiles/cmTC_601f8.dir/src.cxx.o -o cmTC_601f8
make[4]: Leaving directory '/home/roffio/Downloads/MTS_TrueTechChamp/task1/deps/opencv_tmp/src/opencv_project-build/CMakeFiles/CMakeTmp'
make[3]: Leaving directory '/home/roffio/Downloads/MTS_TrueTechChamp/task1/deps/opencv_tmp/src/opencv_project-build/CMakeFiles/CMakeTmp'


===== END =====

Build output check failed:
    Regex: 'command[- ]line option .* is valid for .* but not for C\+\+'
    Output line: 'cc1plus: warning: command-line option ‘-Wstrict-prototypes’ is valid for C/ObjC but not for C++'
Compilation failed:
    source file: '/home/roffio/Downloads/MTS_TrueTechChamp/task1/deps/opencv_tmp/src/opencv_project-build/CMakeFiles/CMakeTmp/src.cxx'
    check option: ' -fsigned-char -W -Wall -Wreturn-type -Wnon-virtual-dtor -Waddress -Wsequence-point -Wformat -Wformat-security -Wmissing-declarations  -Wstrict-prototypes'
===== BUILD LOG =====
Change Dir: '/home/roffio/Downloads/MTS_TrueTechChamp/task1/deps/opencv_tmp/src/opencv_project-build/CMakeFiles/CMakeTmp'

Run Build Command(s): /usr/bin/cmake -E env VERBOSE=1 /usr/bin/make -f Makefile cmTC_c6548/fast
make[3]: Entering directory '/home/roffio/Downloads/MTS_TrueTechChamp/task1/deps/opencv_tmp/src/opencv_project-build/CMakeFiles/CMakeTmp'
/usr/bin/make  -f CMakeFiles/cmTC_c6548.dir/build.make CMakeFiles/cmTC_c6548.dir/build
make[4]: Entering directory '/home/roffio/Downloads/MTS_TrueTechChamp/task1/deps/opencv_tmp/src/opencv_project-build/CMakeFiles/CMakeTmp'
Building CXX object CMakeFiles/cmTC_c6548.dir/src.cxx.o
/usr/bin/c++   -O3 -DNDEBUG -std=c++11 -fPIE    -fsigned-char -W -Wall -Wreturn-type -Wnon-virtual-dtor -Waddress -Wsequence-point -Wformat -Wformat-security -Wmissing-declarations  -Wstrict-prototypes -o CMakeFiles/cmTC_c6548.dir/src.cxx.o -c /home/roffio/Downloads/MTS_TrueTechChamp/task1/deps/opencv_tmp/src/opencv_project-build/CMakeFiles/CMakeTmp/src.cxx
cc1plus: warning: command-line option ‘-Wstrict-prototypes’ is valid for C/ObjC but not for C++
/home/roffio/Downloads/MTS_TrueTechChamp/task1/deps/opencv_tmp/src/opencv_project-build/CMakeFiles/CMakeTmp/src.cxx:1: warning: ignoring ‘#pragma  ’ [-Wunknown-pragmas]
    1 | #pragma
Linking CXX executable cmTC_c6548
/usr/bin/cmake -E cmake_link_script CMakeFiles/cmTC_c6548.dir/link.txt --verbose=1
/usr/bin/c++ -O3 -DNDEBUG CMakeFiles/cmTC_c6548.dir/src.cxx.o -o cmTC_c6548
make[4]: Leaving directory '/home/roffio/Downloads/MTS_TrueTechChamp/task1/deps/opencv_tmp/src/opencv_project-build/CMakeFiles/CMakeTmp'
make[3]: Leaving directory '/home/roffio/Downloads/MTS_TrueTechChamp/task1/deps/opencv_tmp/src/opencv_project-build/CMakeFiles/CMakeTmp'


===== END =====

Build output check failed:
    Regex: 'command[- ]line option .* is valid for .* but not for C'
    Output line: 'cc1: warning: command-line option ‘-Wsign-promo’ is valid for C++/ObjC++ but not for C'
Compilation failed:
    source file: '/home/roffio/Downloads/MTS_TrueTechChamp/task1/deps/opencv_tmp/src/opencv_project-build/CMakeFiles/CMakeTmp/src.c'
    check option: ' -fsigned-char -W -Wall -Wreturn-type -Waddress -Wsequence-point -Wformat -Wformat-security -Wmissing-declarations -Wmissing-prototypes -Wstrict-prototypes -Wundef -Winit-self -Wpointer-arith -Wshadow  -Wsign-promo'
===== BUILD LOG =====
Change Dir: '/home/roffio/Downloads/MTS_TrueTechChamp/task1/deps/opencv_tmp/src/opencv_project-build/CMakeFiles/CMakeTmp'

Run Build Command(s): /usr/bin/cmake -E env VERBOSE=1 /usr/bin/make -f Makefile cmTC_80270/fast
make[3]: Entering directory '/home/roffio/Downloads/MTS_TrueTechChamp/task1/deps/opencv_tmp/src/opencv_project-build/CMakeFiles/CMakeTmp'
/usr/bin/make  -f CMakeFiles/cmTC_80270.dir/build.make CMakeFiles/cmTC_80270.dir/build
make[4]: Entering directory '/home/roffio/Downloads/MTS_TrueTechChamp/task1/deps/opencv_tmp/src/opencv_project-build/CMakeFiles/CMakeTmp'
Building C object CMakeFiles/cmTC_80270.dir/src.c.o
/usr/bin/cc   -O3 -DNDEBUG -fPIE    -fsigned-char -W -Wall -Wreturn-type -Waddress -Wsequence-point -Wformat -Wformat-security -Wmissing-declarations -Wmissing-prototypes -Wstrict-prototypes -Wundef -Winit-self -Wpointer-arith -Wshadow  -Wsign-promo -o CMakeFiles/cmTC_80270.dir/src.c.o -c /home/roffio/Downloads/MTS_TrueTechChamp/task1/deps/opencv_tmp/src/opencv_project-build/CMakeFiles/CMakeTmp/src.c
cc1: warning: command-line option ‘-Wsign-promo’ is valid for C++/ObjC++ but not for C
/home/roffio/Downloads/MTS_TrueTechChamp/task1/deps/opencv_tmp/src/opencv_project-build/CMakeFiles/CMakeTmp/src.c:1: warning: ignoring ‘#pragma  ’ [-Wunknown-pragmas]
    1 | #pragma
Linking C executable cmTC_80270
/usr/bin/cmake -E cmake_link_script CMakeFiles/cmTC_80270.dir/link.txt --verbose=1
/usr/bin/cc -O3 -DNDEBUG CMakeFiles/cmTC_80270.dir/src.c.o -o cmTC_80270
make[4]: Leaving directory '/home/roffio/Downloads/MTS_TrueTechChamp/task1/deps/opencv_tmp/src/opencv_project-build/CMakeFiles/CMakeTmp'
make[3]: Leaving directory '/home/roffio/Downloads/MTS_TrueTechChamp/task1/deps/opencv_tmp/src/opencv_project-build/CMakeFiles/CMakeTmp'


===== END =====

Build output check failed:
    Regex: 'command[- ]line option .* is valid for .* but not for C'
    Output line: 'cc1: warning: command-line option ‘-Wsuggest-override’ is valid for C++/ObjC++ but not for C'
Compilation failed:
    source file: '/home/roffio/Downloads/MTS_TrueTechChamp/task1/deps/opencv_tmp/src/opencv_project-build/CMakeFiles/CMakeTmp/src.c'
    check option: ' -fsigned-char -W -Wall -Wreturn-type -Waddress -Wsequence-point -Wformat -Wformat-security -Wmissing-declarations -Wmissing-prototypes -Wstrict-prototypes -Wundef -Winit-self -Wpointer-arith -Wshadow -Wuninitialized  -Wsuggest-override'
===== BUILD LOG =====
Change Dir: '/home/roffio/Downloads/MTS_TrueTechChamp/task1/deps/opencv_tmp/src/opencv_project-build/CMakeFiles/CMakeTmp'

Run Build Command(s): /usr/bin/cmake -E env VERBOSE=1 /usr/bin/make -f Makefile cmTC_fda84/fast
make[3]: Entering directory '/home/roffio/Downloads/MTS_TrueTechChamp/task1/deps/opencv_tmp/src/opencv_project-build/CMakeFiles/CMakeTmp'
/usr/bin/make  -f CMakeFiles/cmTC_fda84.dir/build.make CMakeFiles/cmTC_fda84.dir/build
make[4]: Entering directory '/home/roffio/Downloads/MTS_TrueTechChamp/task1/deps/opencv_tmp/src/opencv_project-build/CMakeFiles/CMakeTmp'
Building C object CMakeFiles/cmTC_fda84.dir/src.c.o
/usr/bin/cc   -O3 -DNDEBUG -fPIE    -fsigned-char -W -Wall -Wreturn-type -Waddress -Wsequence-point -Wformat -Wformat-security -Wmissing-declarations -Wmissing-prototypes -Wstrict-prototypes -Wundef -Winit-self -Wpointer-arith -Wshadow -Wuninitialized  -Wsuggest-override -o CMakeFiles/cmTC_fda84.dir/src.c.o -c /home/roffio/Downloads/MTS_TrueTechChamp/task1/deps/opencv_tmp/src/opencv_project-build/CMakeFiles/CMakeTmp/src.c
cc1: warning: command-line option ‘-Wsuggest-override’ is valid for C++/ObjC++ but not for C
/home/roffio/Downloads/MTS_TrueTechChamp/task1/deps/opencv_tmp/src/opencv_project-build/CMakeFiles/CMakeTmp/src.c:1: warning: ignoring ‘#pragma  ’ [-Wunknown-pragmas]
    1 | #pragma
Linking C executable cmTC_fda84
/usr/bin/cmake -E cmake_link_script CMakeFiles/cmTC_fda84.dir/link.txt --verbose=1
/usr/bin/cc -O3 -DNDEBUG CMakeFiles/cmTC_fda84.dir/src.c.o -o cmTC_fda84
make[4]: Leaving directory '/home/roffio/Downloads/MTS_TrueTechChamp/task1/deps/opencv_tmp/src/opencv_project-build/CMakeFiles/CMakeTmp'
make[3]: Leaving directory '/home/roffio/Downloads/MTS_TrueTechChamp/task1/deps/opencv_tmp/src/opencv_project-build/CMakeFiles/CMakeTmp'


===== END =====

Build output check failed:
    Regex: 'command[- ]line option .* is valid for .* but not for C'
    Output line: 'cc1: warning: command-line option ‘-Wno-delete-non-virtual-dtor’ is valid for C++/ObjC++ but not for C'
Compilation failed:
    source file: '/home/roffio/Downloads/MTS_TrueTechChamp/task1/deps/opencv_tmp/src/opencv_project-build/CMakeFiles/CMakeTmp/src.c'
    check option: ' -fsigned-char -W -Wall -Wreturn-type -Waddress -Wsequence-point -Wformat -Wformat-security -Wmissing-declarations -Wmissing-prototypes -Wstrict-prototypes -Wundef -Winit-self -Wpointer-arith -Wshadow -Wuninitialized  -Wno-delete-non-virtual-dtor'
===== BUILD LOG =====
Change Dir: '/home/roffio/Downloads/MTS_TrueTechChamp/task1/deps/opencv_tmp/src/opencv_project-build/CMakeFiles/CMakeTmp'

Run Build Command(s): /usr/bin/cmake -E env VERBOSE=1 /usr/bin/make -f Makefile cmTC_06669/fast
make[3]: Entering directory '/home/roffio/Downloads/MTS_TrueTechChamp/task1/deps/opencv_tmp/src/opencv_project-build/CMakeFiles/CMakeTmp'
/usr/bin/make  -f CMakeFiles/cmTC_06669.dir/build.make CMakeFiles/cmTC_06669.dir/build
make[4]: Entering directory '/home/roffio/Downloads/MTS_TrueTechChamp/task1/deps/opencv_tmp/src/opencv_project-build/CMakeFiles/CMakeTmp'
Building C object CMakeFiles/cmTC_06669.dir/src.c.o
/usr/bin/cc   -O3 -DNDEBUG -fPIE    -fsigned-char -W -Wall -Wreturn-type -Waddress -Wsequence-point -Wformat -Wformat-security -Wmissing-declarations -Wmissing-prototypes -Wstrict-prototypes -Wundef -Winit-self -Wpointer-arith -Wshadow -Wuninitialized  -Wno-delete-non-virtual-dtor -o CMakeFiles/cmTC_06669.dir/src.c.o -c /home/roffio/Downloads/MTS_TrueTechChamp/task1/deps/opencv_tmp/src/opencv_project-build/CMakeFiles/CMakeTmp/src.c
cc1: warning: command-line option ‘-Wno-delete-non-virtual-dtor’ is valid for C++/ObjC++ but not for C
/home/roffio/Downloads/MTS_TrueTechChamp/task1/deps/opencv_tmp/src/opencv_project-build/CMakeFiles/CMakeTmp/src.c:1: warning: ignoring ‘#pragma  ’ [-Wunknown-pragmas]
    1 | #pragma
Linking C executable cmTC_06669
/usr/bin/cmake -E cmake_link_script CMakeFiles/cmTC_06669.dir/link.txt --verbose=1
/usr/bin/cc -O3 -DNDEBUG CMakeFiles/cmTC_06669.dir/src.c.o -o cmTC_06669
make[4]: Leaving directory '/home/roffio/Downloads/MTS_TrueTechChamp/task1/deps/opencv_tmp/src/opencv_project-build/CMakeFiles/CMakeTmp'
make[3]: Leaving directory '/home/roffio/Downloads/MTS_TrueTechChamp/task1/deps/opencv_tmp/src/opencv_project-build/CMakeFiles/CMakeTmp'


===== END =====

Build output check failed:
    Regex: 'unrecognized .*option'
    Output line: 'cc1plus: note: unrecognized command-line option ‘-Wno-unnamed-type-template-args’ may have been intended to silence earlier diagnostics'
Compilation failed:
    source file: '/home/roffio/Downloads/MTS_TrueTechChamp/task1/deps/opencv_tmp/src/opencv_project-build/CMakeFiles/CMakeTmp/src.cxx'
    check option: ' -fsigned-char -W -Wall -Wreturn-type -Wnon-virtual-dtor -Waddress -Wsequence-point -Wformat -Wformat-security -Wmissing-declarations -Wundef -Winit-self -Wpointer-arith -Wshadow -Wsign-promo -Wuninitialized -Wsuggest-override -Wno-delete-non-virtual-dtor  -Wno-unnamed-type-template-args'
===== BUILD LOG =====
Change Dir: '/home/roffio/Downloads/MTS_TrueTechChamp/task1/deps/opencv_tmp/src/opencv_project-build/CMakeFiles/CMakeTmp'

Run Build Command(s): /usr/bin/cmake -E env VERBOSE=1 /usr/bin/make -f Makefile cmTC_3c9df/fast
make[3]: Entering directory '/home/roffio/Downloads/MTS_TrueTechChamp/task1/deps/opencv_tmp/src/opencv_project-build/CMakeFiles/CMakeTmp'
/usr/bin/make  -f CMakeFiles/cmTC_3c9df.dir/build.make CMakeFiles/cmTC_3c9df.dir/build
make[4]: Entering directory '/home/roffio/Downloads/MTS_TrueTechChamp/task1/deps/opencv_tmp/src/opencv_project-build/CMakeFiles/CMakeTmp'
Building CXX object CMakeFiles/cmTC_3c9df.dir/src.cxx.o
/usr/bin/c++   -O3 -DNDEBUG -std=c++11 -fPIE    -fsigned-char -W -Wall -Wreturn-type -Wnon-virtual-dtor -Waddress -Wsequence-point -Wformat -Wformat-security -Wmissing-declarations -Wundef -Winit-self -Wpointer-arith -Wshadow -Wsign-promo -Wuninitialized -Wsuggest-override -Wno-delete-non-virtual-dtor  -Wno-unnamed-type-template-args -o CMakeFiles/cmTC_3c9df.dir/src.cxx.o -c /home/roffio/Downloads/MTS_TrueTechChamp/task1/deps/opencv_tmp/src/opencv_project-build/CMakeFiles/CMakeTmp/src.cxx
/home/roffio/Downloads/MTS_TrueTechChamp/task1/deps/opencv_tmp/src/opencv_project-build/CMakeFiles/CMakeTmp/src.cxx:1: warning: ignoring ‘#pragma  ’ [-Wunknown-pragmas]
    1 | #pragma
cc1plus: note: unrecognized command-line option ‘-Wno-unnamed-type-template-args’ may have been intended to silence earlier diagnostics
Linking CXX executable cmTC_3c9df
/usr/bin/cmake -E cmake_link_script CMakeFiles/cmTC_3c9df.dir/link.txt --verbose=1
/usr/bin/c++ -O3 -DNDEBUG CMakeFiles/cmTC_3c9df.dir/src.cxx.o -o cmTC_3c9df
make[4]: Leaving directory '/home/roffio/Downloads/MTS_TrueTechChamp/task1/deps/opencv_tmp/src/opencv_project-build/CMakeFiles/CMakeTmp'
make[3]: Leaving directory '/home/roffio/Downloads/MTS_TrueTechChamp/task1/deps/opencv_tmp/src/opencv_project-build/CMakeFiles/CMakeTmp'


===== END =====

Build output check failed:
    Regex: 'unrecognized .*option'
    Output line: 'cc1: note: unrecognized command-line option ‘-Wno-unnamed-type-template-args’ may have been intended to silence earlier diagnostics'
Compilation failed:
    source file: '/home/roffio/Downloads/MTS_TrueTechChamp/task1/deps/opencv_tmp/src/opencv_project-build/CMakeFiles/CMakeTmp/src.c'
    check option: ' -fsigned-char -W -Wall -Wreturn-type -Waddress -Wsequence-point -Wformat -Wformat-security -Wmissing-declarations -Wmissing-prototypes -Wstrict-prototypes -Wundef -Winit-self -Wpointer-arith -Wshadow -Wuninitialized  -Wno-unnamed-type-template-args'
===== BUILD LOG =====
Change Dir: '/home/roffio/Downloads/MTS_TrueTechChamp/task1/deps/opencv_tmp/src/opencv_project-build/CMakeFiles/CMakeTmp'

Run Build Command(s): /usr/bin/cmake -E env VERBOSE=1 /usr/bin/make -f Makefile cmTC_a3020/fast
make[3]: Entering directory '/home/roffio/Downloads/MTS_TrueTechChamp/task1/deps/opencv_tmp/src/opencv_project-build/CMakeFiles/CMakeTmp'
/usr/bin/make  -f CMakeFiles/cmTC_a3020.dir/build.make CMakeFiles/cmTC_a3020.dir/build
make[4]: Entering directory '/home/roffio/Downloads/MTS_TrueTechChamp/task1/deps/opencv_tmp/src/opencv_project-build/CMakeFiles/CMakeTmp'
Building C object CMakeFiles/cmTC_a3020.dir/src.c.o
/usr/bin/cc   -O3 -DNDEBUG -fPIE    -fsigned-char -W -Wall -Wreturn-type -Waddress -Wsequence-point -Wformat -Wformat-security -Wmissing-declarations -Wmissing-prototypes -Wstrict-prototypes -Wundef -Winit-self -Wpointer-arith -Wshadow -Wuninitialized  -Wno-unnamed-type-template-args -o CMakeFiles/cmTC_a3020.dir/src.c.o -c /home/roffio/Downloads/MTS_TrueTechChamp/task1/deps/opencv_tmp/src/opencv_project-build/CMakeFiles/CMakeTmp/src.c
/home/roffio/Downloads/MTS_TrueTechChamp/task1/deps/opencv_tmp/src/opencv_project-build/CMakeFiles/CMakeTmp/src.c:1: warning: ignoring ‘#pragma  ’ [-Wunknown-pragmas]
    1 | #pragma
cc1: note: unrecognized command-line option ‘-Wno-unnamed-type-template-args’ may have been intended to silence earlier diagnostics
Linking C executable cmTC_a3020
/usr/bin/cmake -E cmake_link_script CMakeFiles/cmTC_a3020.dir/link.txt --verbose=1
/usr/bin/cc -O3 -DNDEBUG CMakeFiles/cmTC_a3020.dir/src.c.o -o cmTC_a3020
make[4]: Leaving directory '/home/roffio/Downloads/MTS_TrueTechChamp/task1/deps/opencv_tmp/src/opencv_project-build/CMakeFiles/CMakeTmp'
make[3]: Leaving directory '/home/roffio/Downloads/MTS_TrueTechChamp/task1/deps/opencv_tmp/src/opencv_project-build/CMakeFiles/CMakeTmp'


===== END =====

Build output check failed:
    Regex: 'command[- ]line option .* is valid for .* but not for C'
    Output line: 'cc1: warning: command-line option ‘-fvisibility-inlines-hidden’ is valid for C++/ObjC++ but not for C'
Compilation failed:
    source file: '/home/roffio/Downloads/MTS_TrueTechChamp/task1/deps/opencv_tmp/src/opencv_project-build/CMakeFiles/CMakeTmp/src.c'
    check option: ' -fsigned-char -W -Wall -Wreturn-type -Waddress -Wsequence-point -Wformat -Wformat-security -Wmissing-declarations -Wmissing-prototypes -Wstrict-prototypes -Wundef -Winit-self -Wpointer-arith -Wshadow -Wuninitialized -Wno-comment -Wimplicit-fallthrough=3 -Wno-strict-overflow -fdiagnostics-show-option -Wno-long-long -pthread -fomit-frame-pointer -ffunction-sections -fdata-sections  -msse -msse2 -msse3 -fvisibility=hidden  -fvisibility-inlines-hidden'
===== BUILD LOG =====
Change Dir: '/home/roffio/Downloads/MTS_TrueTechChamp/task1/deps/opencv_tmp/src/opencv_project-build/CMakeFiles/CMakeTmp'

Run Build Command(s): /usr/bin/cmake -E env VERBOSE=1 /usr/bin/make -f Makefile cmTC_7de89/fast
make[3]: Entering directory '/home/roffio/Downloads/MTS_TrueTechChamp/task1/deps/opencv_tmp/src/opencv_project-build/CMakeFiles/CMakeTmp'
/usr/bin/make  -f CMakeFiles/cmTC_7de89.dir/build.make CMakeFiles/cmTC_7de89.dir/build
make[4]: Entering directory '/home/roffio/Downloads/MTS_TrueTechChamp/task1/deps/opencv_tmp/src/opencv_project-build/CMakeFiles/CMakeTmp'
Building C object CMakeFiles/cmTC_7de89.dir/src.c.o
/usr/bin/cc   -O3 -DNDEBUG -fPIE    -fsigned-char -W -Wall -Wreturn-type -Waddress -Wsequence-point -Wformat -Wformat-security -Wmissing-declarations -Wmissing-prototypes -Wstrict-prototypes -Wundef -Winit-self -Wpointer-arith -Wshadow -Wuninitialized -Wno-comment -Wimplicit-fallthrough=3 -Wno-strict-overflow -fdiagnostics-show-option -Wno-long-long -pthread -fomit-frame-pointer -ffunction-sections -fdata-sections  -msse -msse2 -msse3 -fvisibility=hidden  -fvisibility-inlines-hidden -o CMakeFiles/cmTC_7de89.dir/src.c.o -c /home/roffio/Downloads/MTS_TrueTechChamp/task1/deps/opencv_tmp/src/opencv_project-build/CMakeFiles/CMakeTmp/src.c
cc1: warning: command-line option ‘-fvisibility-inlines-hidden’ is valid for C++/ObjC++ but not for C
/home/roffio/Downloads/MTS_TrueTechChamp/task1/deps/opencv_tmp/src/opencv_project-build/CMakeFiles/CMakeTmp/src.c:1: warning: ignoring ‘#pragma  ’ [-Wunknown-pragmas]
    1 | #pragma
Linking C executable cmTC_7de89
/usr/bin/cmake -E cmake_link_script CMakeFiles/cmTC_7de89.dir/link.txt --verbose=1
/usr/bin/cc -O3 -DNDEBUG CMakeFiles/cmTC_7de89.dir/src.c.o -o cmTC_7de89
make[4]: Leaving directory '/home/roffio/Downloads/MTS_TrueTechChamp/task1/deps/opencv_tmp/src/opencv_project-build/CMakeFiles/CMakeTmp'
make[3]: Leaving directory '/home/roffio/Downloads/MTS_TrueTechChamp/task1/deps/opencv_tmp/src/opencv_project-build/CMakeFiles/CMakeTmp'


===== END =====

Build output check failed:
    Regex: 'command[- ]line option .* is valid for .* but not for C\+\+'
    Output line: 'cc1plus: warning: command-line option ‘-Wno-missing-prototypes’ is valid for C/ObjC but not for C++'
Compilation failed:
    source file: '/home/roffio/Downloads/MTS_TrueTechChamp/task1/deps/opencv_tmp/src/opencv_project-build/CMakeFiles/CMakeTmp/src.cxx'
    check option: ' -Wno-missing-prototypes'
===== BUILD LOG =====
Change Dir: '/home/roffio/Downloads/MTS_TrueTechChamp/task1/deps/opencv_tmp/src/opencv_project-build/CMakeFiles/CMakeTmp'

Run Build Command(s): /usr/bin/cmake -E env VERBOSE=1 /usr/bin/make -f Makefile cmTC_49824/fast
make[3]: Entering directory '/home/roffio/Downloads/MTS_TrueTechChamp/task1/deps/opencv_tmp/src/opencv_project-build/CMakeFiles/CMakeTmp'
/usr/bin/make  -f CMakeFiles/cmTC_49824.dir/build.make CMakeFiles/cmTC_49824.dir/build
make[4]: Entering directory '/home/roffio/Downloads/MTS_TrueTechChamp/task1/deps/opencv_tmp/src/opencv_project-build/CMakeFiles/CMakeTmp'
Building CXX object CMakeFiles/cmTC_49824.dir/src.cxx.o
/usr/bin/c++   -fsigned-char -W -Wall -Wreturn-type -Wnon-virtual-dtor -Waddress -Wsequence-point -Wformat -Wformat-security -Wmissing-declarations -Wundef -Winit-self -Wpointer-arith -Wshadow -Wsign-promo -Wuninitialized -Wsuggest-override -Wno-delete-non-virtual-dtor -Wno-comment -Wimplicit-fallthrough=3 -Wno-strict-overflow -fdiagnostics-show-option -Wno-long-long -pthread -fomit-frame-pointer -ffunction-sections -fdata-sections  -msse -msse2 -msse3 -fvisibility=hidden -fvisibility-inlines-hidden -Wno-deprecated  -O3 -DNDEBUG  -DNDEBUG -std=c++11 -fPIE    -Wno-missing-prototypes -o CMakeFiles/cmTC_49824.dir/src.cxx.o -c /home/roffio/Downloads/MTS_TrueTechChamp/task1/deps/opencv_tmp/src/opencv_project-build/CMakeFiles/CMakeTmp/src.cxx
cc1plus: warning: command-line option ‘-Wno-missing-prototypes’ is valid for C/ObjC but not for C++
/home/roffio/Downloads/MTS_TrueTechChamp/task1/deps/opencv_tmp/src/opencv_project-build/CMakeFiles/CMakeTmp/src.cxx:1: warning: ignoring ‘#pragma  ’ [-Wunknown-pragmas]
    1 | #pragma
Linking CXX executable cmTC_49824
/usr/bin/cmake -E cmake_link_script CMakeFiles/cmTC_49824.dir/link.txt --verbose=1
/usr/bin/c++    -fsigned-char -W -Wall -Wreturn-type -Wnon-virtual-dtor -Waddress -Wsequence-point -Wformat -Wformat-security -Wmissing-declarations -Wundef -Winit-self -Wpointer-arith -Wshadow -Wsign-promo -Wuninitialized -Wsuggest-override -Wno-delete-non-virtual-dtor -Wno-comment -Wimplicit-fallthrough=3 -Wno-strict-overflow -fdiagnostics-show-option -Wno-long-long -pthread -fomit-frame-pointer -ffunction-sections -fdata-sections  -msse -msse2 -msse3 -fvisibility=hidden -fvisibility-inlines-hidden -Wno-deprecated  -O3 -DNDEBUG  -DNDEBUG   -Wl,--gc-sections -Wl,--as-needed -Wl,--no-undefined  CMakeFiles/cmTC_49824.dir/src.cxx.o -o cmTC_49824
make[4]: Leaving directory '/home/roffio/Downloads/MTS_TrueTechChamp/task1/deps/opencv_tmp/src/opencv_project-build/CMakeFiles/CMakeTmp'
make[3]: Leaving directory '/home/roffio/Downloads/MTS_TrueTechChamp/task1/deps/opencv_tmp/src/opencv_project-build/CMakeFiles/CMakeTmp'


===== END =====

Build output check failed:
    Regex: 'unrecognized .*option'
    Output line: 'cc1plus: note: unrecognized command-line option ‘-Wno-tautological-undefined-compare’ may have been intended to silence earlier diagnostics'
Compilation failed:
    source file: '/home/roffio/Downloads/MTS_TrueTechChamp/task1/deps/opencv_tmp/src/opencv_project-build/CMakeFiles/CMakeTmp/src.cxx'
    check option: ' -Wno-tautological-undefined-compare'
===== BUILD LOG =====
Change Dir: '/home/roffio/Downloads/MTS_TrueTechChamp/task1/deps/opencv_tmp/src/opencv_project-build/CMakeFiles/CMakeTmp'

Run Build Command(s): /usr/bin/cmake -E env VERBOSE=1 /usr/bin/make -f Makefile cmTC_43212/fast
make[3]: Entering directory '/home/roffio/Downloads/MTS_TrueTechChamp/task1/deps/opencv_tmp/src/opencv_project-build/CMakeFiles/CMakeTmp'
/usr/bin/make  -f CMakeFiles/cmTC_43212.dir/build.make CMakeFiles/cmTC_43212.dir/build
make[4]: Entering directory '/home/roffio/Downloads/MTS_TrueTechChamp/task1/deps/opencv_tmp/src/opencv_project-build/CMakeFiles/CMakeTmp'
Building CXX object CMakeFiles/cmTC_43212.dir/src.cxx.o
/usr/bin/c++   -fsigned-char -W -Wall -Wreturn-type -Wnon-virtual-dtor -Waddress -Wsequence-point -Wformat -Wformat-security -Winit-self -Wpointer-arith -Wuninitialized -Wsuggest-override -Wno-delete-non-virtual-dtor -Wno-comment -Wimplicit-fallthrough=3 -Wno-strict-overflow -fdiagnostics-show-option -Wno-long-long -pthread -fomit-frame-pointer -ffunction-sections -fdata-sections  -msse -msse2 -msse3 -fvisibility=hidden -fvisibility-inlines-hidden -Wno-deprecated -Wno-missing-declarations -Wno-shadow -Wno-unused-parameter -Wno-unused-local-typedefs -Wno-sign-compare -Wno-sign-promo -Wno-undef  -O3 -DNDEBUG  -DNDEBUG -std=c++11 -fPIE    -Wno-tautological-undefined-compare -o CMakeFiles/cmTC_43212.dir/src.cxx.o -c /home/roffio/Downloads/MTS_TrueTechChamp/task1/deps/opencv_tmp/src/opencv_project-build/CMakeFiles/CMakeTmp/src.cxx
/home/roffio/Downloads/MTS_TrueTechChamp/task1/deps/opencv_tmp/src/opencv_project-build/CMakeFiles/CMakeTmp/src.cxx:1: warning: ignoring ‘#pragma  ’ [-Wunknown-pragmas]
    1 | #pragma
cc1plus: note: unrecognized command-line option ‘-Wno-tautological-undefined-compare’ may have been intended to silence earlier diagnostics
Linking CXX executable cmTC_43212
/usr/bin/cmake -E cmake_link_script CMakeFiles/cmTC_43212.dir/link.txt --verbose=1
/usr/bin/c++    -fsigned-char -W -Wall -Wreturn-type -Wnon-virtual-dtor -Waddress -Wsequence-point -Wformat -Wformat-security -Winit-self -Wpointer-arith -Wuninitialized -Wsuggest-override -Wno-delete-non-virtual-dtor -Wno-comment -Wimplicit-fallthrough=3 -Wno-strict-overflow -fdiagnostics-show-option -Wno-long-long -pthread -fomit-frame-pointer -ffunction-sections -fdata-sections  -msse -msse2 -msse3 -fvisibility=hidden -fvisibility-inlines-hidden -Wno-deprecated -Wno-missing-declarations -Wno-shadow -Wno-unused-parameter -Wno-unused-local-typedefs -Wno-sign-compare -Wno-sign-promo -Wno-undef  -O3 -DNDEBUG  -DNDEBUG   -Wl,--gc-sections -Wl,--as-needed -Wl,--no-undefined  CMakeFiles/cmTC_43212.dir/src.cxx.o -o cmTC_43212
make[4]: Leaving directory '/home/roffio/Downloads/MTS_TrueTechChamp/task1/deps/opencv_tmp/src/opencv_project-build/CMakeFiles/CMakeTmp'
make[3]: Leaving directory '/home/roffio/Downloads/MTS_TrueTechChamp/task1/deps/opencv_tmp/src/opencv_project-build/CMakeFiles/CMakeTmp'


===== END =====

Build output check failed:
    Regex: 'unrecognized .*option'
    Output line: 'cc1plus: note: unrecognized command-line option ‘-Wno-shorten-64-to-32’ may have been intended to silence earlier diagnostics'
Compilation failed:
    source file: '/home/roffio/Downloads/MTS_TrueTechChamp/task1/deps/opencv_tmp/src/opencv_project-build/CMakeFiles/CMakeTmp/src.cxx'
    check option: ' -Wno-shorten-64-to-32'
===== BUILD LOG =====
Change Dir: '/home/roffio/Downloads/MTS_TrueTechChamp/task1/deps/opencv_tmp/src/opencv_project-build/CMakeFiles/CMakeTmp'

Run Build Command(s): /usr/bin/cmake -E env VERBOSE=1 /usr/bin/make -f Makefile cmTC_7ce5a/fast
make[3]: Entering directory '/home/roffio/Downloads/MTS_TrueTechChamp/task1/deps/opencv_tmp/src/opencv_project-build/CMakeFiles/CMakeTmp'
/usr/bin/make  -f CMakeFiles/cmTC_7ce5a.dir/build.make CMakeFiles/cmTC_7ce5a.dir/build
make[4]: Entering directory '/home/roffio/Downloads/MTS_TrueTechChamp/task1/deps/opencv_tmp/src/opencv_project-build/CMakeFiles/CMakeTmp'
Building CXX object CMakeFiles/cmTC_7ce5a.dir/src.cxx.o
/usr/bin/c++   -fsigned-char -W -Wall -Wreturn-type -Wnon-virtual-dtor -Waddress -Wsequence-point -Wformat -Wformat-security -Winit-self -Wpointer-arith -Wuninitialized -Wsuggest-override -Wno-delete-non-virtual-dtor -Wno-comment -Wimplicit-fallthrough=3 -Wno-strict-overflow -fdiagnostics-show-option -Wno-long-long -pthread -fomit-frame-pointer -ffunction-sections -fdata-sections  -msse -msse2 -msse3 -fvisibility=hidden -fvisibility-inlines-hidden -Wno-deprecated -Wno-missing-declarations -Wno-shadow -Wno-unused-parameter -Wno-unused-local-typedefs -Wno-sign-compare -Wno-sign-promo -Wno-undef -Wno-ignored-qualifiers -Wno-extra -Wno-unused-function -Wno-unused-const-variable  -O3 -DNDEBUG  -DNDEBUG -std=c++11 -fPIE    -Wno-shorten-64-to-32 -o CMakeFiles/cmTC_7ce5a.dir/src.cxx.o -c /home/roffio/Downloads/MTS_TrueTechChamp/task1/deps/opencv_tmp/src/opencv_project-build/CMakeFiles/CMakeTmp/src.cxx
/home/roffio/Downloads/MTS_TrueTechChamp/task1/deps/opencv_tmp/src/opencv_project-build/CMakeFiles/CMakeTmp/src.cxx:1: warning: ignoring ‘#pragma  ’ [-Wunknown-pragmas]
    1 | #pragma
cc1plus: note: unrecognized command-line option ‘-Wno-shorten-64-to-32’ may have been intended to silence earlier diagnostics
Linking CXX executable cmTC_7ce5a
/usr/bin/cmake -E cmake_link_script CMakeFiles/cmTC_7ce5a.dir/link.txt --verbose=1
/usr/bin/c++    -fsigned-char -W -Wall -Wreturn-type -Wnon-virtual-dtor -Waddress -Wsequence-point -Wformat -Wformat-security -Winit-self -Wpointer-arith -Wuninitialized -Wsuggest-override -Wno-delete-non-virtual-dtor -Wno-comment -Wimplicit-fallthrough=3 -Wno-strict-overflow -fdiagnostics-show-option -Wno-long-long -pthread -fomit-frame-pointer -ffunction-sections -fdata-sections  -msse -msse2 -msse3 -fvisibility=hidden -fvisibility-inlines-hidden -Wno-deprecated -Wno-missing-declarations -Wno-shadow -Wno-unused-parameter -Wno-unused-local-typedefs -Wno-sign-compare -Wno-sign-promo -Wno-undef -Wno-ignored-qualifiers -Wno-extra -Wno-unused-function -Wno-unused-const-variable  -O3 -DNDEBUG  -DNDEBUG   -Wl,--gc-sections -Wl,--as-needed -Wl,--no-undefined  CMakeFiles/cmTC_7ce5a.dir/src.cxx.o -o cmTC_7ce5a
make[4]: Leaving directory '/home/roffio/Downloads/MTS_TrueTechChamp/task1/deps/opencv_tmp/src/opencv_project-build/CMakeFiles/CMakeTmp'
make[3]: Leaving directory '/home/roffio/Downloads/MTS_TrueTechChamp/task1/deps/opencv_tmp/src/opencv_project-build/CMakeFiles/CMakeTmp'


===== END =====

Build output check failed:
    Regex: 'unrecognized .*option'
    Output line: 'cc1plus: note: unrecognized command-line option ‘-Wno-enum-compare-switch’ may have been intended to silence earlier diagnostics'
Compilation failed:
    source file: '/home/roffio/Downloads/MTS_TrueTechChamp/task1/deps/opencv_tmp/src/opencv_project-build/CMakeFiles/CMakeTmp/src.cxx'
    check option: ' -Wno-enum-compare-switch'
===== BUILD LOG =====
Change Dir: '/home/roffio/Downloads/MTS_TrueTechChamp/task1/deps/opencv_tmp/src/opencv_project-build/CMakeFiles/CMakeTmp'

Run Build Command(s): /usr/bin/cmake -E env VERBOSE=1 /usr/bin/make -f Makefile cmTC_5dae7/fast
make[3]: Entering directory '/home/roffio/Downloads/MTS_TrueTechChamp/task1/deps/opencv_tmp/src/opencv_project-build/CMakeFiles/CMakeTmp'
/usr/bin/make  -f CMakeFiles/cmTC_5dae7.dir/build.make CMakeFiles/cmTC_5dae7.dir/build
make[4]: Entering directory '/home/roffio/Downloads/MTS_TrueTechChamp/task1/deps/opencv_tmp/src/opencv_project-build/CMakeFiles/CMakeTmp'
Building CXX object CMakeFiles/cmTC_5dae7.dir/src.cxx.o
/usr/bin/c++   -fsigned-char -W -Wall -Wreturn-type -Wnon-virtual-dtor -Waddress -Wsequence-point -Wformat -Wformat-security -Winit-self -Wpointer-arith -Wuninitialized -Wsuggest-override -Wno-delete-non-virtual-dtor -Wno-comment -Wimplicit-fallthrough=3 -Wno-strict-overflow -fdiagnostics-show-option -Wno-long-long -pthread -fomit-frame-pointer -ffunction-sections -fdata-sections  -msse -msse2 -msse3 -fvisibility=hidden -fvisibility-inlines-hidden -Wno-deprecated -Wno-missing-declarations -Wno-shadow -Wno-unused-parameter -Wno-unused-local-typedefs -Wno-sign-compare -Wno-sign-promo -Wno-undef -Wno-ignored-qualifiers -Wno-extra -Wno-unused-function -Wno-unused-const-variable -Wno-invalid-offsetof  -O3 -DNDEBUG  -DNDEBUG -std=c++11 -fPIE    -Wno-enum-compare-switch -o CMakeFiles/cmTC_5dae7.dir/src.cxx.o -c /home/roffio/Downloads/MTS_TrueTechChamp/task1/deps/opencv_tmp/src/opencv_project-build/CMakeFiles/CMakeTmp/src.cxx
/home/roffio/Downloads/MTS_TrueTechChamp/task1/deps/opencv_tmp/src/opencv_project-build/CMakeFiles/CMakeTmp/src.cxx:1: warning: ignoring ‘#pragma  ’ [-Wunknown-pragmas]
    1 | #pragma
cc1plus: note: unrecognized command-line option ‘-Wno-enum-compare-switch’ may have been intended to silence earlier diagnostics
Linking CXX executable cmTC_5dae7
/usr/bin/cmake -E cmake_link_script CMakeFiles/cmTC_5dae7.dir/link.txt --verbose=1
/usr/bin/c++    -fsigned-char -W -Wall -Wreturn-type -Wnon-virtual-dtor -Waddress -Wsequence-point -Wformat -Wformat-security -Winit-self -Wpointer-arith -Wuninitialized -Wsuggest-override -Wno-delete-non-virtual-dtor -Wno-comment -Wimplicit-fallthrough=3 -Wno-strict-overflow -fdiagnostics-show-option -Wno-long-long -pthread -fomit-frame-pointer -ffunction-sections -fdata-sections  -msse -msse2 -msse3 -fvisibility=hidden -fvisibility-inlines-hidden -Wno-deprecated -Wno-missing-declarations -Wno-shadow -Wno-unused-parameter -Wno-unused-local-typedefs -Wno-sign-compare -Wno-sign-promo -Wno-undef -Wno-ignored-qualifiers -Wno-extra -Wno-unused-function -Wno-unused-const-variable -Wno-invalid-offsetof  -O3 -DNDEBUG  -DNDEBUG   -Wl,--gc-sections -Wl,--as-needed -Wl,--no-undefined  CMakeFiles/cmTC_5dae7.dir/src.cxx.o -o cmTC_5dae7
make[4]: Leaving directory '/home/roffio/Downloads/MTS_TrueTechChamp/task1/deps/opencv_tmp/src/opencv_project-build/CMakeFiles/CMakeTmp'
make[3]: Leaving directory '/home/roffio/Downloads/MTS_TrueTechChamp/task1/deps/opencv_tmp/src/opencv_project-build/CMakeFiles/CMakeTmp'


===== END =====

Build output check failed:
    Regex: 'unrecognized .*option'
    Output line: 'cc1plus: note: unrecognized command-line option ‘-Wno-inconsistent-missing-override’ may have been intended to silence earlier diagnostics'
Compilation failed:
    source file: '/home/roffio/Downloads/MTS_TrueTechChamp/task1/deps/opencv_tmp/src/opencv_project-build/CMakeFiles/CMakeTmp/src.cxx'
    check option: ' -Wno-inconsistent-missing-override'
===== BUILD LOG =====
Change Dir: '/home/roffio/Downloads/MTS_TrueTechChamp/task1/deps/opencv_tmp/src/opencv_project-build/CMakeFiles/CMakeTmp'

Run Build Command(s): /usr/bin/cmake -E env VERBOSE=1 /usr/bin/make -f Makefile cmTC_9fa72/fast
make[3]: Entering directory '/home/roffio/Downloads/MTS_TrueTechChamp/task1/deps/opencv_tmp/src/opencv_project-build/CMakeFiles/CMakeTmp'
/usr/bin/make  -f CMakeFiles/cmTC_9fa72.dir/build.make CMakeFiles/cmTC_9fa72.dir/build
make[4]: Entering directory '/home/roffio/Downloads/MTS_TrueTechChamp/task1/deps/opencv_tmp/src/opencv_project-build/CMakeFiles/CMakeTmp'
Building CXX object CMakeFiles/cmTC_9fa72.dir/src.cxx.o
/usr/bin/c++   -fsigned-char -W -Wall -Wreturn-type -Wnon-virtual-dtor -Waddress -Wsequence-point -Wformat -Wformat-security -Winit-self -Wpointer-arith -Wuninitialized -Wno-delete-non-virtual-dtor -Wno-comment -Wimplicit-fallthrough=3 -Wno-strict-overflow -fdiagnostics-show-option -Wno-long-long -pthread -fomit-frame-pointer -ffunction-sections -fdata-sections  -msse -msse2 -msse3 -fvisibility=hidden -fvisibility-inlines-hidden -Wno-deprecated -Wno-missing-declarations -Wno-shadow -Wno-unused-parameter -Wno-unused-local-typedefs -Wno-sign-compare -Wno-sign-promo -Wno-undef -Wno-ignored-qualifiers -Wno-extra -Wno-unused-function -Wno-unused-const-variable -Wno-invalid-offsetof -Wno-suggest-override  -O3 -DNDEBUG  -DNDEBUG -std=c++11 -fPIE    -Wno-inconsistent-missing-override -o CMakeFiles/cmTC_9fa72.dir/src.cxx.o -c /home/roffio/Downloads/MTS_TrueTechChamp/task1/deps/opencv_tmp/src/opencv_project-build/CMakeFiles/CMakeTmp/src.cxx
/home/roffio/Downloads/MTS_TrueTechChamp/task1/deps/opencv_tmp/src/opencv_project-build/CMakeFiles/CMakeTmp/src.cxx:1: warning: ignoring ‘#pragma  ’ [-Wunknown-pragmas]
    1 | #pragma
cc1plus: note: unrecognized command-line option ‘-Wno-inconsistent-missing-override’ may have been intended to silence earlier diagnostics
Linking CXX executable cmTC_9fa72
/usr/bin/cmake -E cmake_link_script CMakeFiles/cmTC_9fa72.dir/link.txt --verbose=1
/usr/bin/c++    -fsigned-char -W -Wall -Wreturn-type -Wnon-virtual-dtor -Waddress -Wsequence-point -Wformat -Wformat-security -Winit-self -Wpointer-arith -Wuninitialized -Wno-delete-non-virtual-dtor -Wno-comment -Wimplicit-fallthrough=3 -Wno-strict-overflow -fdiagnostics-show-option -Wno-long-long -pthread -fomit-frame-pointer -ffunction-sections -fdata-sections  -msse -msse2 -msse3 -fvisibility=hidden -fvisibility-inlines-hidden -Wno-deprecated -Wno-missing-declarations -Wno-shadow -Wno-unused-parameter -Wno-unused-local-typedefs -Wno-sign-compare -Wno-sign-promo -Wno-undef -Wno-ignored-qualifiers -Wno-extra -Wno-unused-function -Wno-unused-const-variable -Wno-invalid-offsetof -Wno-suggest-override  -O3 -DNDEBUG  -DNDEBUG   -Wl,--gc-sections -Wl,--as-needed -Wl,--no-undefined  CMakeFiles/cmTC_9fa72.dir/src.cxx.o -o cmTC_9fa72
make[4]: Leaving directory '/home/roffio/Downloads/MTS_TrueTechChamp/task1/deps/opencv_tmp/src/opencv_project-build/CMakeFiles/CMakeTmp'
make[3]: Leaving directory '/home/roffio/Downloads/MTS_TrueTechChamp/task1/deps/opencv_tmp/src/opencv_project-build/CMakeFiles/CMakeTmp'


===== END =====

Build output check failed:
    Regex: 'unrecognized .*option'
    Output line: 'cc1plus: note: unrecognized command-line option ‘-Wno-comma’ may have been intended to silence earlier diagnostics'
Compilation failed:
    source file: '/home/roffio/Downloads/MTS_TrueTechChamp/task1/deps/opencv_tmp/src/opencv_project-build/CMakeFiles/CMakeTmp/src.cxx'
    check option: ' -Wno-comma'
===== BUILD LOG =====
Change Dir: '/home/roffio/Downloads/MTS_TrueTechChamp/task1/deps/opencv_tmp/src/opencv_project-build/CMakeFiles/CMakeTmp'

Run Build Command(s): /usr/bin/cmake -E env VERBOSE=1 /usr/bin/make -f Makefile cmTC_fb91d/fast
make[3]: Entering directory '/home/roffio/Downloads/MTS_TrueTechChamp/task1/deps/opencv_tmp/src/opencv_project-build/CMakeFiles/CMakeTmp'
/usr/bin/make  -f CMakeFiles/cmTC_fb91d.dir/build.make CMakeFiles/cmTC_fb91d.dir/build
make[4]: Entering directory '/home/roffio/Downloads/MTS_TrueTechChamp/task1/deps/opencv_tmp/src/opencv_project-build/CMakeFiles/CMakeTmp'
Building CXX object CMakeFiles/cmTC_fb91d.dir/src.cxx.o
/usr/bin/c++   -fsigned-char -W -Wall -Wreturn-type -Wnon-virtual-dtor -Waddress -Wsequence-point -Wformat -Wformat-security -Winit-self -Wpointer-arith -Wuninitialized -Wno-delete-non-virtual-dtor -Wno-comment -Wno-strict-overflow -fdiagnostics-show-option -Wno-long-long -pthread -fomit-frame-pointer -ffunction-sections -fdata-sections  -msse -msse2 -msse3 -fvisibility=hidden -fvisibility-inlines-hidden -Wno-deprecated -Wno-missing-declarations -Wno-shadow -Wno-unused-parameter -Wno-unused-local-typedefs -Wno-sign-compare -Wno-sign-promo -Wno-undef -Wno-ignored-qualifiers -Wno-extra -Wno-unused-function -Wno-unused-const-variable -Wno-invalid-offsetof -Wno-suggest-override -Wno-implicit-fallthrough -Wno-array-bounds -Wno-stringop-overflow -Wno-stringop-overread -Wno-extra-semi  -O3 -DNDEBUG  -DNDEBUG -std=c++11 -fPIE    -Wno-comma -o CMakeFiles/cmTC_fb91d.dir/src.cxx.o -c /home/roffio/Downloads/MTS_TrueTechChamp/task1/deps/opencv_tmp/src/opencv_project-build/CMakeFiles/CMakeTmp/src.cxx
/home/roffio/Downloads/MTS_TrueTechChamp/task1/deps/opencv_tmp/src/opencv_project-build/CMakeFiles/CMakeTmp/src.cxx:1: warning: ignoring ‘#pragma  ’ [-Wunknown-pragmas]
    1 | #pragma
cc1plus: note: unrecognized command-line option ‘-Wno-comma’ may have been intended to silence earlier diagnostics
Linking CXX executable cmTC_fb91d
/usr/bin/cmake -E cmake_link_script CMakeFiles/cmTC_fb91d.dir/link.txt --verbose=1
/usr/bin/c++    -fsigned-char -W -Wall -Wreturn-type -Wnon-virtual-dtor -Waddress -Wsequence-point -Wformat -Wformat-security -Winit-self -Wpointer-arith -Wuninitialized -Wno-delete-non-virtual-dtor -Wno-comment -Wno-strict-overflow -fdiagnostics-show-option -Wno-long-long -pthread -fomit-frame-pointer -ffunction-sections -fdata-sections  -msse -msse2 -msse3 -fvisibility=hidden -fvisibility-inlines-hidden -Wno-deprecated -Wno-missing-declarations -Wno-shadow -Wno-unused-parameter -Wno-unused-local-typedefs -Wno-sign-compare -Wno-sign-promo -Wno-undef -Wno-ignored-qualifiers -Wno-extra -Wno-unused-function -Wno-unused-const-variable -Wno-invalid-offsetof -Wno-suggest-override -Wno-implicit-fallthrough -Wno-array-bounds -Wno-stringop-overflow -Wno-stringop-overread -Wno-extra-semi  -O3 -DNDEBUG  -DNDEBUG   -Wl,--gc-sections -Wl,--as-needed -Wl,--no-undefined  CMakeFiles/cmTC_fb91d.dir/src.cxx.o -o cmTC_fb91d
make[4]: Leaving directory '/home/roffio/Downloads/MTS_TrueTechChamp/task1/deps/opencv_tmp/src/opencv_project-build/CMakeFiles/CMakeTmp'
make[3]: Leaving directory '/home/roffio/Downloads/MTS_TrueTechChamp/task1/deps/opencv_tmp/src/opencv_project-build/CMakeFiles/CMakeTmp'


===== END =====

